<?xml version="1.0" encoding="UTF-8"?>
<!-- Generated by org.testng.reporters.JUnitReportReporter -->
<testsuite skipped="0" hostname="Haldar-PC" name="TestSute1.enterDetailsHomePage" tests="1" failures="0" timestamp="03 Aug 2020 18:36:55 GMT" time="64.255" errors="0">
  <testcase name="SearchFlights_Test" time="64.255" classname="TestSute1.enterDetailsHomePage"/>
</testsuite> <!-- TestSute1.enterDetailsHomePage -->
