<?xml version="1.0" encoding="UTF-8"?>
<!-- Generated by org.testng.reporters.JUnitReportReporter -->
<testsuite skipped="0" hostname="Haldar-PC" name="TestSute1.enterDetailsHomePage" tests="1" failures="0" timestamp="26 Jul 2020 11:21:02 GMT" time="26.781" errors="0">
  <testcase name="enter_Values_FromDestination_Test" time="26.781" classname="TestSute1.enterDetailsHomePage"/>
</testsuite> <!-- TestSute1.enterDetailsHomePage -->
