<?xml version="1.0" encoding="UTF-8"?>
<!-- Generated by org.testng.reporters.JUnitReportReporter -->
<testsuite skipped="0" hostname="Haldar-PC" name="TestSute1.enterDetailsHomePage" tests="1" failures="0" timestamp="28 Jul 2020 20:46:27 GMT" time="35.964" errors="0">
  <testcase name="SearchFlights_Test" time="35.964" classname="TestSute1.enterDetailsHomePage"/>
</testsuite> <!-- TestSute1.enterDetailsHomePage -->
